2020-06-24 02:08:20,665 INFO  main                             - SOFABoot Runtime Starting!
2020-06-24 02:08:24,612 INFO  main                             - ++++++++++++++++++ ModelCreatingStage of skeleton Start +++++++++++++++++
2020-06-24 02:08:24,626 INFO  main                             - ++++++++++++++++++ ModelCreatingStage of skeleton End +++++++++++++++++
2020-06-24 02:08:24,626 INFO  main                             - ++++++++++++++++++ SpringContextInstallStage of skeleton Start +++++++++++++++++
2020-06-24 02:08:24,627 INFO  main                             - 
All activated module list(3) >>>>>>>
  ├─ org.example.skeleton.bootstrap
  ├─ org.example.skeleton.common.dal
  └─ org.example.skeleton.web.home

Modules that could install(3) >>>>>>>
  ├─ org.example.skeleton.bootstrap
  ├─ org.example.skeleton.common.dal
  └─ org.example.skeleton.web.home

2020-06-24 02:08:24,628 INFO  main                             - Start install skeleton's module: org.example.skeleton.common.dal
2020-06-24 02:08:24,776 INFO  main                             - Start install skeleton's module: org.example.skeleton.web.home
2020-06-24 02:08:24,794 INFO  sofa-module-start-org.example.skeleton.web.home - Begin refresh Spring Application Context of module org.example.skeleton.web.home of application skeleton.
2020-06-24 02:08:24,793 INFO  sofa-module-start-org.example.skeleton.common.dal - Begin refresh Spring Application Context of module org.example.skeleton.common.dal of application skeleton.
2020-06-24 02:08:24,816 INFO  main                             - ++++++++++++++++++ SpringContextInstallStage of skeleton End +++++++++++++++++
2020-06-24 02:08:24,816 INFO  main                             - ++++++++++++++++++ ModuleLogOutputStage of skeleton Start +++++++++++++++++
2020-06-24 02:08:24,817 INFO  main                             - 
Spring context initialize success module list(2) >>>>>>> [totalTime = 42 ms, realTime = 21 ms]
  ├─ org.example.skeleton.common.dal [21 ms]
  │    `---D:\java\ideaProject\skeleton\app\common\dal\target\classes\META-INF\spring\common-dal.xml
  └─ org.example.skeleton.web.home [21 ms]
       `---D:\java\ideaProject\skeleton\app\web\home\target\classes\META-INF\spring\web-home.xml

Spring context initialize failed module list(0) >>>>>>>

Spring bean load time cost list(2) >>>>>>> [totalTime = 42 ms, realTime = 21 ms]
  ├─ org.example.skeleton.common.dal [21 ms]
  └─ org.example.skeleton.web.home [21 ms]

2020-06-24 02:08:24,817 INFO  main                             - ++++++++++++++++++ ModuleLogOutputStage of skeleton End +++++++++++++++++
